\BOOKMARK [0][-]{chapter.1}{\376\377\0001\000\040\000N\000a\000m\000e\000s\000p\000a\000c\000e\000\040\000I\000n\000d\000e\000x}{}% 1
\BOOKMARK [1][-]{section.1.1}{\376\377\0001\000.\0001\000\040\000P\000a\000c\000k\000a\000g\000e\000s}{chapter.1}% 2
\BOOKMARK [0][-]{chapter.2}{\376\377\0002\000\040\000H\000i\000e\000r\000a\000r\000c\000h\000i\000c\000a\000l\000\040\000I\000n\000d\000e\000x}{}% 3
\BOOKMARK [1][-]{section.2.1}{\376\377\0002\000.\0001\000\040\000C\000l\000a\000s\000s\000\040\000H\000i\000e\000r\000a\000r\000c\000h\000y}{chapter.2}% 4
\BOOKMARK [0][-]{chapter.3}{\376\377\0003\000\040\000C\000l\000a\000s\000s\000\040\000I\000n\000d\000e\000x}{}% 5
\BOOKMARK [1][-]{section.3.1}{\376\377\0003\000.\0001\000\040\000C\000l\000a\000s\000s\000\040\000L\000i\000s\000t}{chapter.3}% 6
\BOOKMARK [0][-]{chapter.4}{\376\377\0004\000\040\000F\000i\000l\000e\000\040\000I\000n\000d\000e\000x}{}% 7
\BOOKMARK [1][-]{section.4.1}{\376\377\0004\000.\0001\000\040\000F\000i\000l\000e\000\040\000L\000i\000s\000t}{chapter.4}% 8
\BOOKMARK [0][-]{chapter.5}{\376\377\0005\000\040\000N\000a\000m\000e\000s\000p\000a\000c\000e\000\040\000D\000o\000c\000u\000m\000e\000n\000t\000a\000t\000i\000o\000n}{}% 9
\BOOKMARK [1][-]{section.5.1}{\376\377\0005\000.\0001\000\040\000L\000I\000D\000A\000R\000\137\000C\000o\000n\000t\000r\000o\000l\000l\000e\000r\000\040\000N\000a\000m\000e\000s\000p\000a\000c\000e\000\040\000R\000e\000f\000e\000r\000e\000n\000c\000e}{chapter.5}% 10
\BOOKMARK [0][-]{chapter.6}{\376\377\0006\000\040\000C\000l\000a\000s\000s\000\040\000D\000o\000c\000u\000m\000e\000n\000t\000a\000t\000i\000o\000n}{}% 11
\BOOKMARK [1][-]{section.6.1}{\376\377\0006\000.\0001\000\040\000L\000I\000D\000A\000R\000\137\000C\000o\000n\000t\000r\000o\000l\000l\000e\000r\000.\000D\000A\000O\000\040\000C\000l\000a\000s\000s\000\040\000R\000e\000f\000e\000r\000e\000n\000c\000e}{chapter.6}% 12
\BOOKMARK [2][-]{subsection.6.1.1}{\376\377\0006\000.\0001\000.\0001\000\040\000D\000e\000t\000a\000i\000l\000e\000d\000\040\000D\000e\000s\000c\000r\000i\000p\000t\000i\000o\000n}{section.6.1}% 13
\BOOKMARK [2][-]{subsection.6.1.2}{\376\377\0006\000.\0001\000.\0002\000\040\000M\000e\000m\000b\000e\000r\000\040\000F\000u\000n\000c\000t\000i\000o\000n\000\040\000D\000o\000c\000u\000m\000e\000n\000t\000a\000t\000i\000o\000n}{section.6.1}% 14
\BOOKMARK [3][-]{subsubsection.6.1.2.1}{\376\377\0006\000.\0001\000.\0002\000.\0001\000\040\000l\000o\000a\000d\000M\000e\000a\000s\000u\000r\000e\000m\000e\000n\000t\000s\000\050\000\051}{subsection.6.1.2}% 15
\BOOKMARK [3][-]{subsubsection.6.1.2.2}{\376\377\0006\000.\0001\000.\0002\000.\0002\000\040\000s\000a\000v\000e\000M\000e\000a\000s\000u\000r\000e\000m\000e\000n\000t\000s\000\050\000L\000i\000s\000t\000<\000\040\000M\000e\000a\000s\000u\000r\000e\000m\000e\000n\000t\000\040\000>\000\040\000l\000\051}{subsection.6.1.2}% 16
\BOOKMARK [1][-]{section.6.2}{\376\377\0006\000.\0002\000\040\000L\000I\000D\000A\000R\000\137\000C\000o\000n\000t\000r\000o\000l\000l\000e\000r\000.\000M\000a\000i\000n\000W\000i\000n\000d\000o\000w\000\040\000C\000l\000a\000s\000s\000\040\000R\000e\000f\000e\000r\000e\000n\000c\000e}{chapter.6}% 17
\BOOKMARK [2][-]{subsection.6.2.1}{\376\377\0006\000.\0002\000.\0001\000\040\000D\000e\000t\000a\000i\000l\000e\000d\000\040\000D\000e\000s\000c\000r\000i\000p\000t\000i\000o\000n}{section.6.2}% 18
\BOOKMARK [2][-]{subsection.6.2.2}{\376\377\0006\000.\0002\000.\0002\000\040\000C\000o\000n\000s\000t\000r\000u\000c\000t\000o\000r\000\040\000\046\000\040\000D\000e\000s\000t\000r\000u\000c\000t\000o\000r\000\040\000D\000o\000c\000u\000m\000e\000n\000t\000a\000t\000i\000o\000n}{section.6.2}% 19
\BOOKMARK [3][-]{subsubsection.6.2.2.1}{\376\377\0006\000.\0002\000.\0002\000.\0001\000\040\000M\000a\000i\000n\000W\000i\000n\000d\000o\000w\000\050\000\051}{subsection.6.2.2}% 20
\BOOKMARK [2][-]{subsection.6.2.3}{\376\377\0006\000.\0002\000.\0003\000\040\000M\000e\000m\000b\000e\000r\000\040\000F\000u\000n\000c\000t\000i\000o\000n\000\040\000D\000o\000c\000u\000m\000e\000n\000t\000a\000t\000i\000o\000n}{section.6.2}% 21
\BOOKMARK [3][-]{subsubsection.6.2.3.1}{\376\377\0006\000.\0002\000.\0003\000.\0001\000\040\000b\000u\000t\000t\000o\000n\0002\000C\000l\000i\000c\000k\000\050\000o\000b\000j\000e\000c\000t\000\040\000s\000e\000n\000d\000e\000r\000,\000\040\000R\000o\000u\000t\000e\000d\000E\000v\000e\000n\000t\000A\000r\000g\000s\000\040\000e\000\051}{subsection.6.2.3}% 22
\BOOKMARK [3][-]{subsubsection.6.2.3.2}{\376\377\0006\000.\0002\000.\0003\000.\0002\000\040\000b\000u\000t\000t\000o\000n\0003\000C\000l\000i\000c\000k\000\050\000o\000b\000j\000e\000c\000t\000\040\000s\000e\000n\000d\000e\000r\000,\000\040\000R\000o\000u\000t\000e\000d\000E\000v\000e\000n\000t\000A\000r\000g\000s\000\040\000e\000\051}{subsection.6.2.3}% 23
\BOOKMARK [3][-]{subsubsection.6.2.3.3}{\376\377\0006\000.\0002\000.\0003\000.\0003\000\040\000b\000u\000t\000t\000o\000n\0006\000C\000l\000i\000c\000k\000\050\000o\000b\000j\000e\000c\000t\000\040\000s\000e\000n\000d\000e\000r\000,\000\040\000R\000o\000u\000t\000e\000d\000E\000v\000e\000n\000t\000A\000r\000g\000s\000\040\000e\000\051}{subsection.6.2.3}% 24
\BOOKMARK [3][-]{subsubsection.6.2.3.4}{\376\377\0006\000.\0002\000.\0003\000.\0004\000\040\000c\000o\000m\000b\000o\000B\000o\000x\0002\000S\000e\000l\000e\000c\000t\000i\000o\000n\000C\000h\000a\000n\000g\000e\000d\000\050\000o\000b\000j\000e\000c\000t\000\040\000S\000e\000n\000d\000e\000r\000,\000\040\000S\000e\000l\000e\000c\000t\000i\000o\000n\000C\000h\000a\000n\000g\000e\000d\000E\000v\000e\000n\000t\000A\000r\000g\000s\000\040\000e\000\051}{subsection.6.2.3}% 25
\BOOKMARK [3][-]{subsubsection.6.2.3.5}{\376\377\0006\000.\0002\000.\0003\000.\0005\000\040\000C\000o\000m\000P\000o\000r\000t\000R\000e\000c\000e\000i\000v\000e\000H\000a\000n\000d\000l\000e\000r\000\050\000o\000b\000j\000e\000c\000t\000\040\000S\000e\000n\000d\000e\000r\000,\000\040\000S\000e\000r\000i\000a\000l\000D\000a\000t\000a\000R\000e\000c\000e\000i\000v\000e\000d\000E\000v\000e\000n\000t\000A\000r\000g\000s\000\040\000e\000\051}{subsection.6.2.3}% 26
\BOOKMARK [3][-]{subsubsection.6.2.3.6}{\376\377\0006\000.\0002\000.\0003\000.\0006\000\040\000e\000n\000a\000b\000l\000e\000V\000i\000s\000u\000a\000l\000s\000\050\000b\000o\000o\000l\000\040\000b\000\051}{subsection.6.2.3}% 27
\BOOKMARK [3][-]{subsubsection.6.2.3.7}{\376\377\0006\000.\0002\000.\0003\000.\0007\000\040\000e\000n\000t\000f\000M\000e\000s\000s\000u\000n\000g\000C\000l\000i\000c\000k\000\050\000o\000b\000j\000e\000c\000t\000\040\000s\000e\000n\000d\000e\000r\000,\000\040\000R\000o\000u\000t\000e\000d\000E\000v\000e\000n\000t\000A\000r\000g\000s\000\040\000e\000\051}{subsection.6.2.3}% 28
\BOOKMARK [3][-]{subsubsection.6.2.3.8}{\376\377\0006\000.\0002\000.\0003\000.\0008\000\040\000E\000x\000e\000p\000t\000i\000o\000n\000H\000a\000n\000d\000l\000e\000r\000\050\000E\000x\000c\000e\000p\000t\000i\000o\000n\000\040\000e\000x\000\051}{subsection.6.2.3}% 29
\BOOKMARK [3][-]{subsubsection.6.2.3.9}{\376\377\0006\000.\0002\000.\0003\000.\0009\000\040\000I\000n\000i\000t\000\050\000\051}{subsection.6.2.3}% 30
\BOOKMARK [3][-]{subsubsection.6.2.3.10}{\376\377\0006\000.\0002\000.\0003\000.\0001\0000\000\040\000I\000n\000i\000t\0003\000D\000\050\000\051}{subsection.6.2.3}% 31
\BOOKMARK [3][-]{subsubsection.6.2.3.11}{\376\377\0006\000.\0002\000.\0003\000.\0001\0001\000\040\000l\000o\000a\000d\000B\000t\000n\000C\000l\000i\000c\000k\000\050\000o\000b\000j\000e\000c\000t\000\040\000s\000e\000n\000d\000e\000r\000,\000\040\000R\000o\000u\000t\000e\000d\000E\000v\000e\000n\000t\000A\000r\000g\000s\000\040\000e\000\051}{subsection.6.2.3}% 32
\BOOKMARK [3][-]{subsubsection.6.2.3.12}{\376\377\0006\000.\0002\000.\0003\000.\0001\0002\000\040\000n\000e\000u\000M\000e\000s\000s\000u\000n\000g\000C\000l\000i\000c\000k\000\050\000o\000b\000j\000e\000c\000t\000\040\000s\000e\000n\000d\000e\000r\000,\000\040\000R\000o\000u\000t\000e\000d\000E\000v\000e\000n\000t\000A\000r\000g\000s\000\040\000e\000\051}{subsection.6.2.3}% 33
\BOOKMARK [3][-]{subsubsection.6.2.3.13}{\376\377\0006\000.\0002\000.\0003\000.\0001\0003\000\040\000o\000f\000f\000s\000e\000t\000B\000t\000n\000C\000l\000i\000c\000k\000\050\000o\000b\000j\000e\000c\000t\000\040\000s\000e\000n\000d\000e\000r\000,\000\040\000R\000o\000u\000t\000e\000d\000E\000v\000e\000n\000t\000A\000r\000g\000s\000\040\000e\000\051}{subsection.6.2.3}% 34
\BOOKMARK [3][-]{subsubsection.6.2.3.14}{\376\377\0006\000.\0002\000.\0003\000.\0001\0004\000\040\000p\000o\000s\000B\000t\000n\000C\000l\000i\000c\000k\000\050\000o\000b\000j\000e\000c\000t\000\040\000s\000e\000n\000d\000e\000r\000,\000\040\000R\000o\000u\000t\000e\000d\000E\000v\000e\000n\000t\000A\000r\000g\000s\000\040\000e\000\051}{subsection.6.2.3}% 35
\BOOKMARK [3][-]{subsubsection.6.2.3.15}{\376\377\0006\000.\0002\000.\0003\000.\0001\0005\000\040\000r\000e\000v\000e\000r\000s\000e\000C\000l\000i\000c\000k\000\050\000o\000b\000j\000e\000c\000t\000\040\000s\000e\000n\000d\000e\000r\000,\000\040\000R\000o\000u\000t\000e\000d\000E\000v\000e\000n\000t\000A\000r\000g\000s\000\040\000e\000\051}{subsection.6.2.3}% 36
\BOOKMARK [3][-]{subsubsection.6.2.3.16}{\376\377\0006\000.\0002\000.\0003\000.\0001\0006\000\040\000s\000a\000v\000e\000B\000t\000n\000C\000l\000i\000c\000k\000\050\000o\000b\000j\000e\000c\000t\000\040\000s\000e\000n\000d\000e\000r\000,\000\040\000R\000o\000u\000t\000e\000d\000E\000v\000e\000n\000t\000A\000r\000g\000s\000\040\000e\000\051}{subsection.6.2.3}% 37
\BOOKMARK [3][-]{subsubsection.6.2.3.17}{\376\377\0006\000.\0002\000.\0003\000.\0001\0007\000\040\000s\000e\000n\000d\000B\000t\000n\000C\000l\000i\000c\000k\000\050\000o\000b\000j\000e\000c\000t\000\040\000s\000e\000n\000d\000e\000r\000,\000\040\000R\000o\000u\000t\000e\000d\000E\000v\000e\000n\000t\000A\000r\000g\000s\000\040\000e\000\051}{subsection.6.2.3}% 38
\BOOKMARK [3][-]{subsubsection.6.2.3.18}{\376\377\0006\000.\0002\000.\0003\000.\0001\0008\000\040\000v\000e\000r\000b\000i\000n\000d\000e\000n\000C\000l\000i\000c\000k\000\050\000o\000b\000j\000e\000c\000t\000\040\000s\000e\000n\000d\000e\000r\000,\000\040\000R\000o\000u\000t\000e\000d\000E\000v\000e\000n\000t\000A\000r\000g\000s\000\040\000e\000\051}{subsection.6.2.3}% 39
\BOOKMARK [1][-]{section.6.3}{\376\377\0006\000.\0003\000\040\000L\000I\000D\000A\000R\000\137\000C\000o\000n\000t\000r\000o\000l\000l\000e\000r\000.\000M\000e\000a\000s\000u\000r\000e\000m\000e\000n\000t\000\040\000C\000l\000a\000s\000s\000\040\000R\000e\000f\000e\000r\000e\000n\000c\000e}{chapter.6}% 40
\BOOKMARK [2][-]{subsection.6.3.1}{\376\377\0006\000.\0003\000.\0001\000\040\000D\000e\000t\000a\000i\000l\000e\000d\000\040\000D\000e\000s\000c\000r\000i\000p\000t\000i\000o\000n}{section.6.3}% 41
\BOOKMARK [2][-]{subsection.6.3.2}{\376\377\0006\000.\0003\000.\0002\000\040\000C\000o\000n\000s\000t\000r\000u\000c\000t\000o\000r\000\040\000\046\000\040\000D\000e\000s\000t\000r\000u\000c\000t\000o\000r\000\040\000D\000o\000c\000u\000m\000e\000n\000t\000a\000t\000i\000o\000n}{section.6.3}% 42
\BOOKMARK [3][-]{subsubsection.6.3.2.1}{\376\377\0006\000.\0003\000.\0002\000.\0001\000\040\000M\000e\000a\000s\000u\000r\000e\000m\000e\000n\000t\000\050\000\051}{subsection.6.3.2}% 43
\BOOKMARK [3][-]{subsubsection.6.3.2.2}{\376\377\0006\000.\0003\000.\0002\000.\0002\000\040\000M\000e\000a\000s\000u\000r\000e\000m\000e\000n\000t\000\050\000V\000e\000c\000t\000o\000r\0003\000D\000\040\000l\000i\000n\000e\000a\000r\000O\000f\000f\000s\000e\000t\000,\000\040\000d\000o\000u\000b\000l\000e\000\040\000r\000o\000t\000a\000r\000y\000O\000f\000f\000s\000e\000t\000X\000,\000\040\000d\000o\000u\000b\000l\000e\000\040\000r\000o\000t\000a\000r\000y\000O\000f\000f\000s\000e\000t\000Z\000\051}{subsection.6.3.2}% 44
\BOOKMARK [2][-]{subsection.6.3.3}{\376\377\0006\000.\0003\000.\0003\000\040\000M\000e\000m\000b\000e\000r\000\040\000F\000u\000n\000c\000t\000i\000o\000n\000\040\000D\000o\000c\000u\000m\000e\000n\000t\000a\000t\000i\000o\000n}{section.6.3}% 45
\BOOKMARK [3][-]{subsubsection.6.3.3.1}{\376\377\0006\000.\0003\000.\0003\000.\0001\000\040\000E\000q\000u\000a\000l\000s\000\050\000M\000e\000a\000s\000u\000r\000e\000m\000e\000n\000t\000\040\000m\000\051}{subsection.6.3.3}% 46
\BOOKMARK [3][-]{subsubsection.6.3.3.2}{\376\377\0006\000.\0003\000.\0003\000.\0002\000\040\000g\000e\000t\000D\000i\000s\000t\000a\000n\000c\000e\000D\000a\000t\000a\000\050\000i\000n\000t\000\040\000m\000p\000o\000s\000,\000\040\000i\000n\000t\000\040\000s\000p\000o\000s\000\051}{subsection.6.3.3}% 47
\BOOKMARK [3][-]{subsubsection.6.3.3.3}{\376\377\0006\000.\0003\000.\0003\000.\0003\000\040\000g\000e\000t\000G\000e\000o\000m\000e\000t\000r\000y\0003\000D\000\050\000\051}{subsection.6.3.3}% 48
\BOOKMARK [3][-]{subsubsection.6.3.3.4}{\376\377\0006\000.\0003\000.\0003\000.\0004\000\040\000m\000a\000k\000e\000G\000e\000o\000m\000e\000t\000r\000y\0003\000D\000\050\000\051}{subsection.6.3.3}% 49
\BOOKMARK [3][-]{subsubsection.6.3.3.5}{\376\377\0006\000.\0003\000.\0003\000.\0005\000\040\000R\000e\000f\000r\000e\000s\000h\000\050\000\051}{subsection.6.3.3}% 50
\BOOKMARK [3][-]{subsubsection.6.3.3.6}{\376\377\0006\000.\0003\000.\0003\000.\0006\000\040\000s\000e\000t\000D\000i\000s\000t\000a\000n\000c\000e\000D\000a\000t\000a\000\050\000i\000n\000t\000\040\000m\000p\000o\000s\000,\000\040\000i\000n\000t\000\040\000s\000p\000o\000s\000,\000\040\000i\000n\000t\000\040\000d\000a\000t\000a\000\051}{subsection.6.3.3}% 51
\BOOKMARK [3][-]{subsubsection.6.3.3.7}{\376\377\0006\000.\0003\000.\0003\000.\0007\000\040\000s\000e\000t\000G\000e\000o\000m\000e\000t\000r\000y\000P\000o\000i\000n\000t\0003\000D\000\050\000i\000n\000t\000\040\000i\000,\000\040\000i\000n\000t\000\040\000k\000\051}{subsection.6.3.3}% 52
\BOOKMARK [3][-]{subsubsection.6.3.3.8}{\376\377\0006\000.\0003\000.\0003\000.\0008\000\040\000T\000u\000r\000n\0003\000D\000V\000e\000k\000t\000o\000r\000X\000Z\000\050\000V\000e\000c\000t\000o\000r\0003\000D\000\040\000v\000,\000\040\000d\000o\000u\000b\000l\000e\000\040\000m\000d\000e\000g\000r\000e\000e\000,\000\040\000d\000o\000u\000b\000l\000e\000\040\000s\000d\000e\000g\000r\000e\000e\000\051}{subsection.6.3.3}% 53
\BOOKMARK [2][-]{subsection.6.3.4}{\376\377\0006\000.\0003\000.\0004\000\040\000P\000r\000o\000p\000e\000r\000t\000y\000\040\000D\000o\000c\000u\000m\000e\000n\000t\000a\000t\000i\000o\000n}{section.6.3}% 54
\BOOKMARK [3][-]{subsubsection.6.3.4.1}{\376\377\0006\000.\0003\000.\0004\000.\0001\000\040\000i\000d}{subsection.6.3.4}% 55
\BOOKMARK [3][-]{subsubsection.6.3.4.2}{\376\377\0006\000.\0003\000.\0004\000.\0002\000\040\000l\000i\000n\000e\000a\000r\000O\000f\000f\000s\000e\000t}{subsection.6.3.4}% 56
\BOOKMARK [3][-]{subsubsection.6.3.4.3}{\376\377\0006\000.\0003\000.\0004\000.\0003\000\040\000m\000I\000d}{subsection.6.3.4}% 57
\BOOKMARK [3][-]{subsubsection.6.3.4.4}{\376\377\0006\000.\0003\000.\0004\000.\0004\000\040\000r\000o\000t\000a\000r\000y\000O\000f\000f\000s\000e\000t\000X}{subsection.6.3.4}% 58
\BOOKMARK [3][-]{subsubsection.6.3.4.5}{\376\377\0006\000.\0003\000.\0004\000.\0005\000\040\000r\000o\000t\000a\000r\000y\000O\000f\000f\000s\000e\000t\000Z}{subsection.6.3.4}% 59
\BOOKMARK [0][-]{chapter.7}{\376\377\0007\000\040\000F\000i\000l\000e\000\040\000D\000o\000c\000u\000m\000e\000n\000t\000a\000t\000i\000o\000n}{}% 60
\BOOKMARK [1][-]{section.7.1}{\376\377\0007\000.\0001\000\040\000L\000I\000D\000A\000R\000\137\000V\000I\000S\000\137\000T\000E\000S\000T\000/\000L\000I\000D\000A\000R\000\137\000W\000P\000F\000\137\000T\000E\000S\000T\000/\000D\000A\000O\000.\000c\000s\000\040\000F\000i\000l\000e\000\040\000R\000e\000f\000e\000r\000e\000n\000c\000e}{chapter.7}% 61
\BOOKMARK [2][-]{subsection.7.1.1}{\376\377\0007\000.\0001\000.\0001\000\040\000D\000e\000t\000a\000i\000l\000e\000d\000\040\000D\000e\000s\000c\000r\000i\000p\000t\000i\000o\000n}{section.7.1}% 62
\BOOKMARK [1][-]{section.7.2}{\376\377\0007\000.\0002\000\040\000L\000I\000D\000A\000R\000\137\000V\000I\000S\000\137\000T\000E\000S\000T\000/\000L\000I\000D\000A\000R\000\137\000W\000P\000F\000\137\000T\000E\000S\000T\000/\000M\000a\000i\000n\000W\000i\000n\000d\000o\000w\000.\000x\000a\000m\000l\000.\000c\000s\000\040\000F\000i\000l\000e\000\040\000R\000e\000f\000e\000r\000e\000n\000c\000e}{chapter.7}% 63
\BOOKMARK [2][-]{subsection.7.2.1}{\376\377\0007\000.\0002\000.\0001\000\040\000D\000e\000t\000a\000i\000l\000e\000d\000\040\000D\000e\000s\000c\000r\000i\000p\000t\000i\000o\000n}{section.7.2}% 64
\BOOKMARK [1][-]{section.7.3}{\376\377\0007\000.\0003\000\040\000L\000I\000D\000A\000R\000\137\000V\000I\000S\000\137\000T\000E\000S\000T\000/\000L\000I\000D\000A\000R\000\137\000W\000P\000F\000\137\000T\000E\000S\000T\000/\000M\000e\000a\000s\000u\000r\000e\000m\000e\000n\000t\000.\000c\000s\000\040\000F\000i\000l\000e\000\040\000R\000e\000f\000e\000r\000e\000n\000c\000e}{chapter.7}% 65
\BOOKMARK [2][-]{subsection.7.3.1}{\376\377\0007\000.\0003\000.\0001\000\040\000D\000e\000t\000a\000i\000l\000e\000d\000\040\000D\000e\000s\000c\000r\000i\000p\000t\000i\000o\000n}{section.7.3}% 66
\BOOKMARK [0][-]{section*.20}{\376\377\000I\000n\000d\000e\000x}{}% 67
